# Regressed between https://gitlab.freedesktop.org/mesa/mesa/-/jobs/70075571 and https://gitlab.freedesktop.org/mesa/mesa/-/jobs/70146137
KHR-GL46.post_depth_coverage_tests.PostDepthSampleMask,Fail

KHR-GL46.shader_draw_parameters_tests.MultiDrawElementIndirectCountParameters,Fail
KHR-GL46.shader_draw_parameters_tests.ShaderMultiDrawElementsIndirectParameters,Fail
KHR-GL46.shader_image_load_store.basic-allTargets-loadStoreTES,Fail
KHR-GL46.shader_image_load_store.basic-allTargets-store,Fail
KHR-GL46.shader_image_load_store.multiple-uniforms,Fail
KHR-GL46.shader_image_size.advanced-nonMS-tes-float,Fail
KHR-GL46.shader_image_size.advanced-nonMS-tes-int,Fail
KHR-GL46.shader_image_size.basic-nonMS-tes-int,Fail
KHR-GL46.shader_image_size.basic-nonMS-tes-uint,Fail
KHR-GL46.tessellation_shader.tessellation_control_to_tessellation_evaluation.gl_tessLevel,Fail
KHR-GL46.tessellation_shader.tessellation_shader_tessellation.TES,Fail
KHR-GL46.texture_cube_map_array.color_depth_attachments,Fail
KHR-GL46.texture_lod_basic.lod_selection,Fail
KHR-GL46.texture_lod_bias.texture_lod_bias_all,Fail
KHR-GL46.vertex_attrib_binding.advanced-iterations,Fail

KHR-GLES3.framebuffer_blit.framebuffer_blit_functionality_multisampled_to_singlesampled_blit,Fail
KHR-GLES31.core.vertex_attrib_binding.advanced-iterations,Fail
dEQP-GLES2.functional.texture.mipmap.cube.projected.nearest_linear,Fail
dEQP-GLES3.functional.polygon_offset.fixed16_render_with_units,Fail
dEQP-GLES31.functional.texture.border_clamp.range_clamp.linear_float_color,Fail


gmem-dEQP-VK.clipping.user_defined.clip_cull_distance_dynamic_index.vert_geom.6_2,Fail
gmem-dEQP-VK.clipping.user_defined.clip_cull_distance_dynamic_index.vert_geom.6_2_fragmentshader_read,Fail
gmem-dEQP-VK.draw.dynamic_rendering.complete_secondary_cmd_buff.scissor.dynamic_scissor_out_of_order_updates,Fail
gmem-dEQP-VK.glsl.builtin.function.integer.bitfieldextract.ivec4_highp_geometry,Fail
gmem-dEQP-VK.glsl.builtin.function.integer.usubborrow.uvec4_mediump_geometry,Fail
gmem-dEQP-VK.spirv_assembly.instruction.graphics.cross_stage.interface_blocks.relaxedprecision,Fail

dynamic-dEQP-VK.renderpass2.depth_stencil_resolve.image_2d_32_32.samples_2.d24_unorm_s8_uint.compatibility_depth_zero_stencil_zero_testing_stencil,Fail
dynamic-dEQP-VK.renderpass2.depth_stencil_resolve.image_2d_32_32.samples_2.d24_unorm_s8_uint_separate_layouts.compatibility_depth_zero_stencil_zero_testing_stencil,Fail
dynamic-dEQP-VK.renderpass2.depth_stencil_resolve.image_2d_32_32.samples_2.d32_sfloat_s8_uint.compatibility_depth_zero_stencil_zero_testing_stencil,Fail
dynamic-dEQP-VK.renderpass2.depth_stencil_resolve.image_2d_32_32.samples_2.d32_sfloat_s8_uint_separate_layouts.compatibility_depth_zero_stencil_zero_testing_stencil,Fail

# New fails in 1.3.10.0
dEQP-VK.dynamic_rendering.primary_cmd_buff.local_read.max_input_attachments,Fail

# Regressed between https://gitlab.freedesktop.org/mesa/mesa/-/jobs/69878379 and https://gitlab.freedesktop.org/mesa/mesa/-/jobs/69955641
dEQP-VK.ray_query.stress.fragment_shader.aabbs,Fail
dEQP-VK.ray_query.stress.fragment_shader.triangles,Fail

# OpenCL tests below
#
## rusticl-core issues:
#
#Unexpected CL error: CL_BUILD_PROGRAM_FAILURE -11
#Expected CL error: CL_INVALID_BUILD_OPTIONS -43
api@clbuildprogram,Fail

#Unexpected CL error: CL_COMPILE_PROGRAM_FAILURE -15
#Expected CL error: CL_INVALID_COMPILER_OPTIONS -66
api@clcompileprogram,Fail

#Unexpected CL error: CL_SUCCESS 0
#Expected CL error: CL_KERNEL_ARG_INFO_NOT_AVAILABLE -19
api@clgetkernelarginfo,Fail

#Unexpected CL error: CL_SUCCESS 0
#Expected CL error: CL_INVALID_LINKER_OPTIONS -67
#Failed (error code: CL_SUCCESS): Trigger CL_INVALID_LINKER_OPTIONS if the linker options specified by options are invalid.
#Unexpected CL error: CL_LINK_PROGRAM_FAILURE -17
#Expected CL error: CL_INVALID_OPERATION -59
#Failed (error code: CL_LINK_PROGRAM_FAILURE): Trigger CL_INVALID_OPERATION if the rules for devices containing compiled binaries or libraries as described in input_programs argument above are not followed.
#Unexpected CL error: CL_SUCCESS 0
#Expected CL error: CL_LINK_PROGRAM_FAILURE -17
api@cllinkprogram,Fail

# can be resolved by RUSTICL_FEATURES=fp16,fp64
program@build@vector-data-types,Fail

# https://gitlab.freedesktop.org/mesa/mesa/-/issues/8408
program@execute@global-offset,Fail
program@execute@global-offset@3d- input dependent,Fail

# Regressed between https://gitlab.freedesktop.org/mesa/mesa/-/jobs/70146138 and https://gitlab.freedesktop.org/mesa/mesa/-/jobs/70217173
program@execute@vector-conversion,Fail

#
## freedreno issues:
#
#Error at data[0]
custom@r600 create release buffer bug,Fail

#
## works on OnePlus 6:
#
#Failed: return NULL if platform is not a valid platform
api@clgetextensionfunctionaddressforplatform,Fail

#
## Not our problem:
#
# CL_DEVICE_MAX_READ_IMAGE_ARGS: failed, expected at least 128, got 16 
api@clgetdeviceinfo,Fail

# CL_QUEUE_SIZE Unexpected CL error: CL_INVALID_COMMAND_QUEUE -36
api@clgetcommandqueueinfo,Fail

# broken piglit test (doesn't account for FTZ)
program@execute@builtin@builtin-float-nextafter-1.0.generated,Fail
program@execute@builtin@builtin-float-nextafter-1.0.generated@nextafter float1,Fail
program@execute@builtin@builtin-float-nextafter-1.0.generated@nextafter float16,Fail
program@execute@builtin@builtin-float-nextafter-1.0.generated@nextafter float2,Fail
program@execute@builtin@builtin-float-nextafter-1.0.generated@nextafter float4,Fail
program@execute@builtin@builtin-float-nextafter-1.0.generated@nextafter float8,Fail
